<?xml version="1.0" encoding="UTF-8"?>
<!-- Generated by org.testng.reporters.JUnitReportReporter -->
<testsuite hostname="DESKTOP-6HMH41Q" failures="0" tests="4" name="demoMavenProject.Case1test" time="0.056" errors="0" timestamp="2022-07-20T12:38:26 IST" skipped="0">
  <testcase classname="demoMavenProject.Case1test" name="testTc2" time="0.005"/>
  <system-out>
    <![CDATA[hello pankaj ok]]>
  </system-out>
  <testcase classname="demoMavenProject.Case1test" name="dog" time="0.009"/>
  <system-out>
    <![CDATA[black]]>
  </system-out>
  <testcase classname="demoMavenProject.Case1test" name="car" time="0.038"/>
  <system-out>
    <![CDATA[yellow car]]>
  </system-out>
  <testcase classname="demoMavenProject.Case1test" name="testTc1" time="0.004"/>
  <system-out>
    <![CDATA[hello selenium]]>
  </system-out>
</testsuite> <!-- demoMavenProject.Case1test -->
