<?xml version="1.0" encoding="UTF-8"?>
<!-- Generated by org.testng.reporters.JUnitReportReporter -->
<testsuite hostname="DESKTOP-6HMH41Q" failures="0" tests="2" name="demoMavenProject.Case1test" time="0.014" errors="0" timestamp="2022-07-20T12:33:41 IST" skipped="0">
  <testcase classname="demoMavenProject.Case1test" name="testTc1" time="0.006"/>
  <system-out>
    <![CDATA[hello selenium]]>
  </system-out>
  <testcase classname="demoMavenProject.Case1test" name="testTc2" time="0.008"/>
  <system-out>
    <![CDATA[hello pankaj ok]]>
  </system-out>
</testsuite> <!-- demoMavenProject.Case1test -->
