<?xml version="1.0" encoding="UTF-8"?>
<!-- Generated by org.testng.reporters.JUnitReportReporter -->
<testsuite hostname="DESKTOP-6HMH41Q" failures="0" tests="2" name="demoMavenProject.Case3test" time="0.020" errors="0" timestamp="2022-07-20T12:54:56 IST" skipped="0">
  <testcase classname="demoMavenProject.Case3test" name="tc3" time="0.017"/>
  <system-out>
    <![CDATA[tc---3 test]]>
  </system-out>
  <testcase classname="demoMavenProject.Case3test" name="tcase3" time="0.003"/>
  <system-out>
    <![CDATA[tc---3 check]]>
  </system-out>
</testsuite> <!-- demoMavenProject.Case3test -->
