<?xml version="1.0" encoding="UTF-8"?>
<!-- Generated by org.testng.reporters.JUnitReportReporter -->
<testsuite hostname="DESKTOP-6HMH41Q" failures="0" tests="2" name="demoMavenProject.Case2test" time="0.013" errors="0" timestamp="2022-07-20T12:33:41 IST" skipped="0">
  <testcase classname="demoMavenProject.Case2test" name="demo1" time="0.006"/>
  <system-out>
    <![CDATA[Demo test1]]>
  </system-out>
  <testcase classname="demoMavenProject.Case2test" name="demo2" time="0.007"/>
  <system-out>
    <![CDATA[Demo test2]]>
  </system-out>
</testsuite> <!-- demoMavenProject.Case2test -->
