<?xml version="1.0" encoding="UTF-8"?>
<!-- Generated by org.testng.reporters.JUnitReportReporter -->
<testsuite hostname="DESKTOP-6HMH41Q" failures="0" tests="2" name="demoMavenProject.Case1test" time="0.010" errors="0" timestamp="2022-07-18T16:40:35 IST" skipped="0">
  <testcase classname="demoMavenProject.Case1test" name="testTc2" time="0.007"/>
  <system-out>
    <![CDATA[hello java]]>
  </system-out>
  <testcase classname="demoMavenProject.Case1test" name="testTc1" time="0.003"/>
  <system-out>
    <![CDATA[hello selenium]]>
  </system-out>
</testsuite> <!-- demoMavenProject.Case1test -->
